c:\users\douglas\source\repos\opencv-helloworld\release\vc142.pdb
c:\users\douglas\source\repos\opencv-helloworld\release\opencv-helloworld.obj
c:\users\douglas\source\repos\opencv-helloworld\release\opencv-helloworld.exe
c:\users\douglas\source\repos\opencv-helloworld\release\opencv-helloworld.pdb
c:\users\douglas\source\repos\opencv-helloworld\release\opencv-helloworld.ipdb
c:\users\douglas\source\repos\opencv-helloworld\release\opencv-helloworld.iobj
c:\users\douglas\source\repos\opencv-helloworld\release\opencv_core.dll
c:\users\douglas\source\repos\opencv-helloworld\release\zlib1.dll
c:\users\douglas\source\repos\opencv-helloworld\release\opencv_highgui.dll
c:\users\douglas\source\repos\opencv-helloworld\release\opencv_videoio.dll
c:\users\douglas\source\repos\opencv-helloworld\release\opencv_imgcodecs.dll
c:\users\douglas\source\repos\opencv-helloworld\release\opencv_imgproc.dll
c:\users\douglas\source\repos\opencv-helloworld\release\jpeg62.dll
c:\users\douglas\source\repos\opencv-helloworld\release\webp.dll
c:\users\douglas\source\repos\opencv-helloworld\release\libpng16.dll
c:\users\douglas\source\repos\opencv-helloworld\release\tiff.dll
c:\users\douglas\source\repos\opencv-helloworld\release\lzma.dll
c:\users\douglas\source\repos\opencv-helloworld\release\opencv-h.f81d6d2b.tlog\cl.command.1.tlog
c:\users\douglas\source\repos\opencv-helloworld\release\opencv-h.f81d6d2b.tlog\cl.read.1.tlog
c:\users\douglas\source\repos\opencv-helloworld\release\opencv-h.f81d6d2b.tlog\cl.write.1.tlog
c:\users\douglas\source\repos\opencv-helloworld\release\opencv-h.f81d6d2b.tlog\link.command.1.tlog
c:\users\douglas\source\repos\opencv-helloworld\release\opencv-h.f81d6d2b.tlog\link.read.1.tlog
c:\users\douglas\source\repos\opencv-helloworld\release\opencv-h.f81d6d2b.tlog\link.write.1.tlog
c:\users\douglas\source\repos\opencv-helloworld\release\opencv-h.f81d6d2b.tlog\opencv-helloworld.write.1u.tlog
